<?xml version="1.0" encoding="UTF-8"?>
<testsuite xmlns:xsi="http://www.w3.org/2001/XMLSchema-instance" xsi:noNamespaceSchemaLocation="https://maven.apache.org/surefire/maven-failsafe-plugin/xsd/failsafe-test-report.xsd" name="org.forgerock.openam.vericlouds.VeriCloudsIT" time="1.844" tests="1" errors="0" skipped="0" failures="1">
  <properties>
    <property name="sun.desktop" value="windows"/>
    <property name="awt.toolkit" value="sun.awt.windows.WToolkit"/>
    <property name="file.encoding.pkg" value="sun.io"/>
    <property name="java.specification.version" value="1.8"/>
    <property name="sun.cpu.isalist" value="amd64"/>
    <property name="sun.jnu.encoding" value="Cp1252"/>
    <property name="java.class.path" value="C:\Users\ethan\Desktop\Integration Hub\ForgeRock\GitHub\VeriClouds-Extension-for-ForgeRock\openam-auth-vericlouds\target\test-classes;C:\Users\ethan\Desktop\Integration Hub\ForgeRock\GitHub\VeriClouds-Extension-for-ForgeRock\openam-auth-vericlouds\target\vericlouds-credverify-module-5.5.0.jar;C:\Users\ethan\.m2\repository\org\forgerock\am\openam-core\5.5.0\openam-core-5.5.0.jar;C:\Users\ethan\.m2\repository\org\forgerock\am\openam-license-servlet\5.5.0\openam-license-servlet-5.5.0.jar;C:\Users\ethan\.m2\repository\org\forgerock\am\openam-license-core\5.5.0\openam-license-core-5.5.0.jar;C:\Users\ethan\.m2\repository\org\forgerock\am\openam-audit-context\5.5.0\openam-audit-context-5.5.0.jar;C:\Users\ethan\.m2\repository\org\forgerock\commons\forgerock-audit-core\22.0.0\forgerock-audit-core-22.0.0.jar;C:\Users\ethan\.m2\repository\org\forgerock\commons\security\22.0.0\security-22.0.0.jar;C:\Users\ethan\.m2\repository\org\forgerock\am\openam-guice-core\5.5.0\openam-guice-core-5.5.0.jar;C:\Users\ethan\.m2\repository\org\forgerock\am\openam-audit-core\5.5.0\openam-audit-core-5.5.0.jar;C:\Users\ethan\.m2\repository\com\google\inject\extensions\guice-assistedinject\4.0\guice-assistedinject-4.0.jar;C:\Users\ethan\.m2\repository\org\forgerock\am\openam-monitoring-core\5.5.0\openam-monitoring-core-5.5.0.jar;C:\Users\ethan\.m2\repository\net\agkn\hll\1.6.0\hll-1.6.0.jar;C:\Users\ethan\.m2\repository\it\unimi\dsi\fastutil\6.5.11\fastutil-6.5.11.jar;C:\Users\ethan\.m2\repository\org\forgerock\commons\guava\forgerock-guava-hash\18.0.4\forgerock-guava-hash-18.0.4.jar;C:\Users\ethan\.m2\repository\org\forgerock\commons\guava\forgerock-guava-math\18.0.4\forgerock-guava-math-18.0.4.jar;C:\Users\ethan\.m2\repository\org\apache\servicemix\bundles\org.apache.servicemix.bundles.javax-inject\1_2\org.apache.servicemix.bundles.javax-inject-1_2.jar;C:\Users\ethan\.m2\repository\org\forgerock\am\openam-idsvcs-schema\5.5.0\openam-idsvcs-schema-5.5.0.jar;C:\Users\ethan\.m2\repository\javax\xml\bind\jaxb-api\1.0.6\jaxb-api-1.0.6.jar;C:\Users\ethan\.m2\repository\javax\xml\parsers\jaxp-api\1.4.2\jaxp-api-1.4.2.jar;C:\Users\ethan\.m2\repository\com\sun\xml\bind\jaxb1-impl\2.0.2\jaxb1-impl-2.0.2.jar;C:\Users\ethan\.m2\repository\com\sun\xml\bind\jaxb-libs\1.0.6\jaxb-libs-1.0.6.jar;C:\Users\ethan\.m2\repository\com\sun\msv\datatype\xsd\xsdlib\20060615\xsdlib-20060615.jar;C:\Users\ethan\.m2\repository\isorelax\isorelax\20030108\isorelax-20030108.jar;C:\Users\ethan\.m2\repository\relaxngDatatype\relaxngDatatype\20020414\relaxngDatatype-20020414.jar;C:\Users\ethan\.m2\repository\org\forgerock\am\openam-mib-schema\5.5.0\openam-mib-schema-5.5.0.jar;C:\Users\ethan\.m2\repository\org\forgerock\am\openam-xacml3-schema\5.5.0\openam-xacml3-schema-5.5.0.jar;C:\Users\ethan\.m2\repository\org\forgerock\am\openam-ldap-utils\5.5.0\openam-ldap-utils-5.5.0.jar;C:\Users\ethan\.m2\repository\org\forgerock\am\openam-annotations\5.5.0\openam-annotations-5.5.0.jar;C:\Users\ethan\.m2\repository\org\forgerock\am\openam-license-manager-cli\5.5.0\openam-license-manager-cli-5.5.0.jar;C:\Users\ethan\.m2\repository\org\slf4j\slf4j-api\1.7.21\slf4j-api-1.7.21.jar;C:\Users\ethan\.m2\repository\org\forgerock\am\openam-notifications\5.5.0\openam-notifications-5.5.0.jar;C:\Users\ethan\.m2\repository\org\forgerock\commons\json-web-token\22.0.0\json-web-token-22.0.0.jar;C:\Users\ethan\.m2\repository\org\forgerock\commons\guava\forgerock-guava-base\18.0.4\forgerock-guava-base-18.0.4.jar;C:\Users\ethan\.m2\repository\org\forgerock\commons\json-resource-http\22.0.0\json-resource-http-22.0.0.jar;C:\Users\ethan\.m2\repository\org\forgerock\commons\json-resource\22.0.0\json-resource-22.0.0.jar;C:\Users\ethan\.m2\repository\org\forgerock\commons\api-descriptor\22.0.0\api-descriptor-22.0.0.jar;C:\Users\ethan\.m2\repository\org\forgerock\commons\json-schema-core\22.0.0\json-schema-core-22.0.0.jar;C:\Users\ethan\.m2\repository\org\forgerock\commons\forgerock-util\22.0.0\forgerock-util-22.0.0.jar;C:\Users\ethan\.m2\repository\org\forgerock\am\openam-tokens\5.5.0\openam-tokens-5.5.0.jar;C:\Users\ethan\.m2\repository\org\forgerock\commons\forgerock-bloomfilter-core\1.0.1\forgerock-bloomfilter-core-1.0.1.jar;C:\Users\ethan\.m2\repository\org\forgerock\commons\forgerock-bloomfilter-monitoring\1.0.1\forgerock-bloomfilter-monitoring-1.0.1.jar;C:\Users\ethan\.m2\repository\org\forgerock\opendj\opendj-server\5.5.0\opendj-server-5.5.0.jar;C:\Users\ethan\.m2\repository\org\forgerock\opendj\opendj-cli\5.5.0\opendj-cli-5.5.0.jar;C:\Users\ethan\.m2\repository\org\forgerock\opendj\opendj-rest2ldap\5.5.0\opendj-rest2ldap-5.5.0.jar;C:\Users\ethan\.m2\repository\org\forgerock\http\chf-oauth2\22.0.0\chf-oauth2-22.0.0.jar;C:\Users\ethan\.m2\repository\org\forgerock\http\chf-client-apache-async\22.0.0\chf-client-apache-async-22.0.0.jar;C:\Users\ethan\.m2\repository\org\apache\httpcomponents\httpasyncclient-osgi\4.1.2\httpasyncclient-osgi-4.1.2.jar;C:\Users\ethan\.m2\repository\org\forgerock\commons\i18n-slf4j\1.4.2\i18n-slf4j-1.4.2.jar;C:\Users\ethan\.m2\repository\org\forgerock\opendj\opendj-config\5.5.0\opendj-config-5.5.0.jar;C:\Users\ethan\.m2\repository\org\forgerock\http\chf-http-grizzly\22.0.0\chf-http-grizzly-22.0.0.jar;C:\Users\ethan\.m2\repository\org\glassfish\grizzly\grizzly-http-server\2.3.30\grizzly-http-server-2.3.30.jar;C:\Users\ethan\.m2\repository\org\glassfish\grizzly\grizzly-http\2.3.30\grizzly-http-2.3.30.jar;C:\Users\ethan\.m2\repository\org\forgerock\commons\forgerock-audit-handler-csv\22.0.0\forgerock-audit-handler-csv-22.0.0.jar;C:\Users\ethan\.m2\repository\net\sf\supercsv\super-csv\2.4.0\super-csv-2.4.0.jar;C:\Users\ethan\.m2\repository\org\forgerock\commons\forgerock-audit-handler-json\22.0.0\forgerock-audit-handler-json-22.0.0.jar;C:\Users\ethan\.m2\repository\org\forgerock\commons\forgerock-audit-handler-elasticsearch\22.0.0\forgerock-audit-handler-elasticsearch-22.0.0.jar;C:\Users\ethan\.m2\repository\org\forgerock\commons\forgerock-audit-handler-splunk\22.0.0\forgerock-audit-handler-splunk-22.0.0.jar;C:\Users\ethan\.m2\repository\org\forgerock\commons\forgerock-audit-handler-jms\22.0.0\forgerock-audit-handler-jms-22.0.0.jar;C:\Users\ethan\.m2\repository\javax\jms\javax.jms-api\2.0.1\javax.jms-api-2.0.1.jar;C:\Users\ethan\.m2\repository\org\forgerock\commons\forgerock-audit-json\22.0.0\forgerock-audit-json-22.0.0.jar;C:\Users\ethan\.m2\repository\com\fasterxml\jackson\module\jackson-module-jsonSchema\2.8.9\jackson-module-jsonSchema-2.8.9.jar;C:\Users\ethan\.m2\repository\javax\validation\validation-api\1.1.0.Final\validation-api-1.1.0.Final.jar;C:\Users\ethan\.m2\repository\org\forgerock\commons\forgerock-audit-handler-syslog\22.0.0\forgerock-audit-handler-syslog-22.0.0.jar;C:\Users\ethan\.m2\repository\org\forgerock\commons\forgerock-audit-handler-jdbc\22.0.0\forgerock-audit-handler-jdbc-22.0.0.jar;C:\Users\ethan\.m2\repository\org\slf4j\jul-to-slf4j\1.7.21\jul-to-slf4j-1.7.21.jar;C:\Users\ethan\.m2\repository\org\forgerock\commons\forgerock-persistit-core\4.3.3\forgerock-persistit-core-4.3.3.jar;C:\Users\ethan\.m2\repository\de\odysseus\juel\juel-impl\2.2.7\juel-impl-2.2.7.jar;C:\Users\ethan\.m2\repository\de\odysseus\juel\juel-api\2.2.7\juel-api-2.2.7.jar;C:\Users\ethan\.m2\repository\org\forgerock\opendj\opendj-core\5.5.0\opendj-core-5.5.0.jar;C:\Users\ethan\.m2\repository\org\forgerock\commons\i18n-core\1.4.2\i18n-core-1.4.2.jar;C:\Users\ethan\.m2\repository\org\reactivestreams\reactive-streams\1.0.0\reactive-streams-1.0.0.jar;C:\Users\ethan\.m2\repository\io\reactivex\rxjava2\rxjava\2.1.0\rxjava-2.1.0.jar;C:\Users\ethan\.m2\repository\com\github\stephenc\jcip\jcip-annotations\1.0-1\jcip-annotations-1.0-1.jar;C:\Users\ethan\.m2\repository\org\forgerock\opendj\opendj-grizzly\5.5.0\opendj-grizzly-5.5.0.jar;C:\Users\ethan\.m2\repository\org\glassfish\grizzly\grizzly-framework\2.3.30\grizzly-framework-2.3.30.jar;C:\Users\ethan\.m2\repository\com\iplanet\jato\jato\2005-05-04\jato-2005-05-04.jar;C:\Users\ethan\.m2\repository\com\sun\web\ui\cc\2008-08-08\cc-2008-08-08.jar;C:\Users\ethan\.m2\repository\org\apache\click\click-extras\2.3.0\click-extras-2.3.0.jar;C:\Users\ethan\.m2\repository\org\apache\click\click-nodeps\2.3.0\click-nodeps-2.3.0.jar;C:\Users\ethan\.m2\repository\commons-io\commons-io\2.3\commons-io-2.3.jar;C:\Users\ethan\.m2\repository\commons-lang\commons-lang\2.6\commons-lang-2.6.jar;C:\Users\ethan\.m2\repository\ognl\ognl\2.6.9\ognl-2.6.9.jar;C:\Users\ethan\.m2\repository\org\apache\velocity\velocity\1.7\velocity-1.7.jar;C:\Users\ethan\.m2\repository\commons-codec\commons-codec\1.10\commons-codec-1.10.jar;C:\Users\ethan\.m2\repository\commons-collections\commons-collections\3.2.2\commons-collections-3.2.2.jar;C:\Users\ethan\.m2\repository\commons-fileupload\commons-fileupload\1.3.3\commons-fileupload-1.3.3.jar;C:\Users\ethan\.m2\repository\commons-logging\commons-logging\1.1.3\commons-logging-1.1.3.jar;C:\Users\ethan\.m2\repository\commons-logging\commons-logging-api\1.1\commons-logging-api-1.1.jar;C:\Users\ethan\.m2\repository\org\forgerock\commons\guava\forgerock-guava-io\18.0.4\forgerock-guava-io-18.0.4.jar;C:\Users\ethan\.m2\repository\org\forgerock\commons\guava\forgerock-guava-annotations\18.0.4\forgerock-guava-annotations-18.0.4.jar;C:\Users\ethan\.m2\repository\org\forgerock\commons\guava\forgerock-guava-collect\18.0.4\forgerock-guava-collect-18.0.4.jar;C:\Users\ethan\.m2\repository\org\forgerock\commons\guava\forgerock-guava-primitives\18.0.4\forgerock-guava-primitives-18.0.4.jar;C:\Users\ethan\.m2\repository\org\forgerock\commons\guava\forgerock-guava-cache\18.0.4\forgerock-guava-cache-18.0.4.jar;C:\Users\ethan\.m2\repository\org\forgerock\commons\guava\forgerock-guava-concurrent\18.0.4\forgerock-guava-concurrent-18.0.4.jar;C:\Users\ethan\.m2\repository\external\esapiport\2013-12-04\esapiport-2013-12-04.jar;C:\Users\ethan\.m2\repository\javax\xml\jaxrpc-api\1.1\jaxrpc-api-1.1.jar;C:\Users\ethan\.m2\repository\external\jaxrpc-impl\1.1.3_01-20160905\jaxrpc-impl-1.1.3_01-20160905.jar;C:\Users\ethan\.m2\repository\com\sun\xml\rpc\jaxrpc-spi\1.1.3_01\jaxrpc-spi-1.1.3_01.jar;C:\Users\ethan\.m2\repository\com\sun\xml\messaging\saaj\saaj-impl\1.3.19\saaj-impl-1.3.19.jar;C:\Users\ethan\.m2\repository\org\jvnet\mimepull\mimepull\1.7\mimepull-1.7.jar;C:\Users\ethan\.m2\repository\com\sun\xml\fastinfoset\FastInfoset\1.2.13\FastInfoset-1.2.13.jar;C:\Users\ethan\.m2\repository\org\json\json\20090211\json-20090211.jar;C:\Users\ethan\.m2\repository\javax\servlet\jstl\1.1.2\jstl-1.1.2.jar;C:\Users\ethan\.m2\repository\com\sun\mail\javax.mail\1.5.1\javax.mail-1.5.1.jar;C:\Users\ethan\.m2\repository\javax\activation\activation\1.1\activation-1.1.jar;C:\Users\ethan\.m2\repository\com\google\code\findbugs\jsr305\3.0.0\jsr305-3.0.0.jar;C:\Users\ethan\.m2\repository\io\dropwizard\metrics\metrics-core\3.2.2\metrics-core-3.2.2.jar;C:\Users\ethan\.m2\repository\com\google\inject\guice\4.0\guice-4.0-no_aop.jar;C:\Users\ethan\.m2\repository\com\google\guava\guava\18.0\guava-18.0.jar;C:\Users\ethan\.m2\repository\org\hdrhistogram\HdrHistogram\2.1.4\HdrHistogram-2.1.4.jar;C:\Users\ethan\.m2\repository\org\forgerock\am\openam-i18n\5.5.0\openam-i18n-5.5.0.jar;C:\Users\ethan\.m2\repository\org\forgerock\http\chf-client-apache-sync\22.0.0\chf-client-apache-sync-22.0.0.jar;C:\Users\ethan\.m2\repository\org\forgerock\http\chf-client-apache-common\22.0.0\chf-client-apache-common-22.0.0.jar;C:\Users\ethan\.m2\repository\org\apache\httpcomponents\httpclient-osgi\4.5.2\httpclient-osgi-4.5.2.jar;C:\Users\ethan\.m2\repository\org\apache\httpcomponents\httpcore-osgi\4.4.5\httpcore-osgi-4.4.5.jar;C:\Users\ethan\.m2\repository\org\slf4j\jcl-over-slf4j\1.7.21\jcl-over-slf4j-1.7.21.jar;C:\Users\ethan\.m2\repository\org\forgerock\am\openam-plugin-framework\5.5.0\openam-plugin-framework-5.5.0.jar;C:\Users\ethan\.m2\repository\com\github\zafarkhaja\java-semver\0.9.0\java-semver-0.9.0.jar;C:\Users\ethan\.m2\repository\org\forgerock\am\openam-transaction-core\5.5.0\openam-transaction-core-5.5.0.jar;C:\Users\ethan\.m2\repository\org\forgerock\am\auth-node-api\5.5.0\auth-node-api-5.5.0.jar;C:\Users\ethan\.m2\repository\org\forgerock\commons\guava\forgerock-guava-all\18.0.4\forgerock-guava-all-18.0.4.jar;C:\Users\ethan\.m2\repository\net\bytebuddy\byte-buddy\1.7.1\byte-buddy-1.7.1.jar;C:\Users\ethan\.m2\repository\org\forgerock\am\openam-shared\5.5.0\openam-shared-5.5.0.jar;C:\Users\ethan\.m2\repository\com\google\inject\extensions\guice-multibindings\4.0\guice-multibindings-4.0.jar;C:\Users\ethan\.m2\repository\org\forgerock\http\chf-http-core\22.0.0\chf-http-core-22.0.0.jar;C:\Users\ethan\.m2\repository\io\swagger\swagger-models\1.5.9\swagger-models-1.5.9.jar;C:\Users\ethan\.m2\repository\org\forgerock\am\openam-keystore\5.5.0\openam-keystore-5.5.0.jar;C:\Users\ethan\.m2\repository\com\googlecode\java-ipv6\java-ipv6\0.14\java-ipv6-0.14.jar;C:\Users\ethan\.m2\repository\joda-time\joda-time\2.9.7\joda-time-2.9.7.jar;C:\Users\ethan\.m2\repository\javax\servlet\servlet-api\2.5\servlet-api-2.5.jar;C:\Users\ethan\.m2\repository\org\springframework\spring-web\5.0.1.RELEASE\spring-web-5.0.1.RELEASE.jar;C:\Users\ethan\.m2\repository\org\springframework\spring-beans\5.0.1.RELEASE\spring-beans-5.0.1.RELEASE.jar;C:\Users\ethan\.m2\repository\org\springframework\spring-core\5.0.1.RELEASE\spring-core-5.0.1.RELEASE.jar;C:\Users\ethan\.m2\repository\org\springframework\spring-jcl\5.0.1.RELEASE\spring-jcl-5.0.1.RELEASE.jar;C:\Users\ethan\.m2\repository\com\fasterxml\jackson\core\jackson-annotations\2.9.0\jackson-annotations-2.9.0.jar;C:\Users\ethan\.m2\repository\com\fasterxml\jackson\core\jackson-core\2.9.0\jackson-core-2.9.0.jar;C:\Users\ethan\.m2\repository\com\fasterxml\jackson\core\jackson-databind\2.9.0\jackson-databind-2.9.0.jar;C:\Users\ethan\.m2\repository\org\testng\testng\6.9.10\testng-6.9.10.jar;C:\Users\ethan\.m2\repository\com\beust\jcommander\1.48\jcommander-1.48.jar;C:\Users\ethan\.m2\repository\org\beanshell\bsh\2.0b4\bsh-2.0b4.jar;C:\Users\ethan\.m2\repository\org\mockito\mockito-all\1.10.19\mockito-all-1.10.19.jar;C:\Users\ethan\.m2\repository\org\assertj\assertj-core\3.6.2\assertj-core-3.6.2.jar;C:\Users\ethan\.m2\repository\org\forgerock\cuppa\cuppa\1.3.1\cuppa-1.3.1.jar;C:\Users\ethan\.m2\repository\org\forgerock\cuppa\cuppa-junit\1.3.1\cuppa-junit-1.3.1.jar;C:\Users\ethan\.m2\repository\junit\junit\4.12\junit-4.12.jar;C:\Users\ethan\.m2\repository\org\hamcrest\hamcrest-core\1.3\hamcrest-core-1.3.jar;C:\Users\ethan\.m2\repository\org\apache\maven\surefire\surefire-testng-utils\2.20.1\surefire-testng-utils-2.20.1.jar;C:\Users\ethan\.m2\repository\org\apache\maven\surefire\surefire-grouper\2.20.1\surefire-grouper-2.20.1.jar;"/>
    <property name="java.vm.vendor" value="Oracle Corporation"/>
    <property name="sun.arch.data.model" value="64"/>
    <property name="user.variant" value=""/>
    <property name="java.vendor.url" value="http://java.oracle.com/"/>
    <property name="user.timezone" value=""/>
    <property name="java.vm.specification.version" value="1.8"/>
    <property name="os.name" value="Windows 10"/>
    <property name="user.country" value="US"/>
    <property name="sun.java.launcher" value="SUN_STANDARD"/>
    <property name="sun.boot.library.path" value="C:\Program Files\Java\jdk1.8.0_152\jre\bin"/>
    <property name="sun.java.command" value="C:\Users\ethan\AppData\Local\Temp\surefire998587112664708056\surefirebooter1933537214790728173.jar C:\Users\ethan\AppData\Local\Temp\surefire998587112664708056 2018-01-22T13-44-44_116-jvmRun1 surefire9125484929577387824tmp surefire_05395494603071094521tmp"/>
    <property name="surefire.test.class.path" value="C:\Users\ethan\Desktop\Integration Hub\ForgeRock\GitHub\VeriClouds-Extension-for-ForgeRock\openam-auth-vericlouds\target\test-classes;C:\Users\ethan\Desktop\Integration Hub\ForgeRock\GitHub\VeriClouds-Extension-for-ForgeRock\openam-auth-vericlouds\target\vericlouds-credverify-module-5.5.0.jar;C:\Users\ethan\.m2\repository\org\forgerock\am\openam-core\5.5.0\openam-core-5.5.0.jar;C:\Users\ethan\.m2\repository\org\forgerock\am\openam-license-servlet\5.5.0\openam-license-servlet-5.5.0.jar;C:\Users\ethan\.m2\repository\org\forgerock\am\openam-license-core\5.5.0\openam-license-core-5.5.0.jar;C:\Users\ethan\.m2\repository\org\forgerock\am\openam-audit-context\5.5.0\openam-audit-context-5.5.0.jar;C:\Users\ethan\.m2\repository\org\forgerock\commons\forgerock-audit-core\22.0.0\forgerock-audit-core-22.0.0.jar;C:\Users\ethan\.m2\repository\org\forgerock\commons\security\22.0.0\security-22.0.0.jar;C:\Users\ethan\.m2\repository\org\forgerock\am\openam-guice-core\5.5.0\openam-guice-core-5.5.0.jar;C:\Users\ethan\.m2\repository\org\forgerock\am\openam-audit-core\5.5.0\openam-audit-core-5.5.0.jar;C:\Users\ethan\.m2\repository\com\google\inject\extensions\guice-assistedinject\4.0\guice-assistedinject-4.0.jar;C:\Users\ethan\.m2\repository\org\forgerock\am\openam-monitoring-core\5.5.0\openam-monitoring-core-5.5.0.jar;C:\Users\ethan\.m2\repository\net\agkn\hll\1.6.0\hll-1.6.0.jar;C:\Users\ethan\.m2\repository\it\unimi\dsi\fastutil\6.5.11\fastutil-6.5.11.jar;C:\Users\ethan\.m2\repository\org\forgerock\commons\guava\forgerock-guava-hash\18.0.4\forgerock-guava-hash-18.0.4.jar;C:\Users\ethan\.m2\repository\org\forgerock\commons\guava\forgerock-guava-math\18.0.4\forgerock-guava-math-18.0.4.jar;C:\Users\ethan\.m2\repository\org\apache\servicemix\bundles\org.apache.servicemix.bundles.javax-inject\1_2\org.apache.servicemix.bundles.javax-inject-1_2.jar;C:\Users\ethan\.m2\repository\org\forgerock\am\openam-idsvcs-schema\5.5.0\openam-idsvcs-schema-5.5.0.jar;C:\Users\ethan\.m2\repository\javax\xml\bind\jaxb-api\1.0.6\jaxb-api-1.0.6.jar;C:\Users\ethan\.m2\repository\javax\xml\parsers\jaxp-api\1.4.2\jaxp-api-1.4.2.jar;C:\Users\ethan\.m2\repository\com\sun\xml\bind\jaxb1-impl\2.0.2\jaxb1-impl-2.0.2.jar;C:\Users\ethan\.m2\repository\com\sun\xml\bind\jaxb-libs\1.0.6\jaxb-libs-1.0.6.jar;C:\Users\ethan\.m2\repository\com\sun\msv\datatype\xsd\xsdlib\20060615\xsdlib-20060615.jar;C:\Users\ethan\.m2\repository\isorelax\isorelax\20030108\isorelax-20030108.jar;C:\Users\ethan\.m2\repository\relaxngDatatype\relaxngDatatype\20020414\relaxngDatatype-20020414.jar;C:\Users\ethan\.m2\repository\org\forgerock\am\openam-mib-schema\5.5.0\openam-mib-schema-5.5.0.jar;C:\Users\ethan\.m2\repository\org\forgerock\am\openam-xacml3-schema\5.5.0\openam-xacml3-schema-5.5.0.jar;C:\Users\ethan\.m2\repository\org\forgerock\am\openam-ldap-utils\5.5.0\openam-ldap-utils-5.5.0.jar;C:\Users\ethan\.m2\repository\org\forgerock\am\openam-annotations\5.5.0\openam-annotations-5.5.0.jar;C:\Users\ethan\.m2\repository\org\forgerock\am\openam-license-manager-cli\5.5.0\openam-license-manager-cli-5.5.0.jar;C:\Users\ethan\.m2\repository\org\slf4j\slf4j-api\1.7.21\slf4j-api-1.7.21.jar;C:\Users\ethan\.m2\repository\org\forgerock\am\openam-notifications\5.5.0\openam-notifications-5.5.0.jar;C:\Users\ethan\.m2\repository\org\forgerock\commons\json-web-token\22.0.0\json-web-token-22.0.0.jar;C:\Users\ethan\.m2\repository\org\forgerock\commons\guava\forgerock-guava-base\18.0.4\forgerock-guava-base-18.0.4.jar;C:\Users\ethan\.m2\repository\org\forgerock\commons\json-resource-http\22.0.0\json-resource-http-22.0.0.jar;C:\Users\ethan\.m2\repository\org\forgerock\commons\json-resource\22.0.0\json-resource-22.0.0.jar;C:\Users\ethan\.m2\repository\org\forgerock\commons\api-descriptor\22.0.0\api-descriptor-22.0.0.jar;C:\Users\ethan\.m2\repository\org\forgerock\commons\json-schema-core\22.0.0\json-schema-core-22.0.0.jar;C:\Users\ethan\.m2\repository\org\forgerock\commons\forgerock-util\22.0.0\forgerock-util-22.0.0.jar;C:\Users\ethan\.m2\repository\org\forgerock\am\openam-tokens\5.5.0\openam-tokens-5.5.0.jar;C:\Users\ethan\.m2\repository\org\forgerock\commons\forgerock-bloomfilter-core\1.0.1\forgerock-bloomfilter-core-1.0.1.jar;C:\Users\ethan\.m2\repository\org\forgerock\commons\forgerock-bloomfilter-monitoring\1.0.1\forgerock-bloomfilter-monitoring-1.0.1.jar;C:\Users\ethan\.m2\repository\org\forgerock\opendj\opendj-server\5.5.0\opendj-server-5.5.0.jar;C:\Users\ethan\.m2\repository\org\forgerock\opendj\opendj-cli\5.5.0\opendj-cli-5.5.0.jar;C:\Users\ethan\.m2\repository\org\forgerock\opendj\opendj-rest2ldap\5.5.0\opendj-rest2ldap-5.5.0.jar;C:\Users\ethan\.m2\repository\org\forgerock\http\chf-oauth2\22.0.0\chf-oauth2-22.0.0.jar;C:\Users\ethan\.m2\repository\org\forgerock\http\chf-client-apache-async\22.0.0\chf-client-apache-async-22.0.0.jar;C:\Users\ethan\.m2\repository\org\apache\httpcomponents\httpasyncclient-osgi\4.1.2\httpasyncclient-osgi-4.1.2.jar;C:\Users\ethan\.m2\repository\org\forgerock\commons\i18n-slf4j\1.4.2\i18n-slf4j-1.4.2.jar;C:\Users\ethan\.m2\repository\org\forgerock\opendj\opendj-config\5.5.0\opendj-config-5.5.0.jar;C:\Users\ethan\.m2\repository\org\forgerock\http\chf-http-grizzly\22.0.0\chf-http-grizzly-22.0.0.jar;C:\Users\ethan\.m2\repository\org\glassfish\grizzly\grizzly-http-server\2.3.30\grizzly-http-server-2.3.30.jar;C:\Users\ethan\.m2\repository\org\glassfish\grizzly\grizzly-http\2.3.30\grizzly-http-2.3.30.jar;C:\Users\ethan\.m2\repository\org\forgerock\commons\forgerock-audit-handler-csv\22.0.0\forgerock-audit-handler-csv-22.0.0.jar;C:\Users\ethan\.m2\repository\net\sf\supercsv\super-csv\2.4.0\super-csv-2.4.0.jar;C:\Users\ethan\.m2\repository\org\forgerock\commons\forgerock-audit-handler-json\22.0.0\forgerock-audit-handler-json-22.0.0.jar;C:\Users\ethan\.m2\repository\org\forgerock\commons\forgerock-audit-handler-elasticsearch\22.0.0\forgerock-audit-handler-elasticsearch-22.0.0.jar;C:\Users\ethan\.m2\repository\org\forgerock\commons\forgerock-audit-handler-splunk\22.0.0\forgerock-audit-handler-splunk-22.0.0.jar;C:\Users\ethan\.m2\repository\org\forgerock\commons\forgerock-audit-handler-jms\22.0.0\forgerock-audit-handler-jms-22.0.0.jar;C:\Users\ethan\.m2\repository\javax\jms\javax.jms-api\2.0.1\javax.jms-api-2.0.1.jar;C:\Users\ethan\.m2\repository\org\forgerock\commons\forgerock-audit-json\22.0.0\forgerock-audit-json-22.0.0.jar;C:\Users\ethan\.m2\repository\com\fasterxml\jackson\module\jackson-module-jsonSchema\2.8.9\jackson-module-jsonSchema-2.8.9.jar;C:\Users\ethan\.m2\repository\javax\validation\validation-api\1.1.0.Final\validation-api-1.1.0.Final.jar;C:\Users\ethan\.m2\repository\org\forgerock\commons\forgerock-audit-handler-syslog\22.0.0\forgerock-audit-handler-syslog-22.0.0.jar;C:\Users\ethan\.m2\repository\org\forgerock\commons\forgerock-audit-handler-jdbc\22.0.0\forgerock-audit-handler-jdbc-22.0.0.jar;C:\Users\ethan\.m2\repository\org\slf4j\jul-to-slf4j\1.7.21\jul-to-slf4j-1.7.21.jar;C:\Users\ethan\.m2\repository\org\forgerock\commons\forgerock-persistit-core\4.3.3\forgerock-persistit-core-4.3.3.jar;C:\Users\ethan\.m2\repository\de\odysseus\juel\juel-impl\2.2.7\juel-impl-2.2.7.jar;C:\Users\ethan\.m2\repository\de\odysseus\juel\juel-api\2.2.7\juel-api-2.2.7.jar;C:\Users\ethan\.m2\repository\org\forgerock\opendj\opendj-core\5.5.0\opendj-core-5.5.0.jar;C:\Users\ethan\.m2\repository\org\forgerock\commons\i18n-core\1.4.2\i18n-core-1.4.2.jar;C:\Users\ethan\.m2\repository\org\reactivestreams\reactive-streams\1.0.0\reactive-streams-1.0.0.jar;C:\Users\ethan\.m2\repository\io\reactivex\rxjava2\rxjava\2.1.0\rxjava-2.1.0.jar;C:\Users\ethan\.m2\repository\com\github\stephenc\jcip\jcip-annotations\1.0-1\jcip-annotations-1.0-1.jar;C:\Users\ethan\.m2\repository\org\forgerock\opendj\opendj-grizzly\5.5.0\opendj-grizzly-5.5.0.jar;C:\Users\ethan\.m2\repository\org\glassfish\grizzly\grizzly-framework\2.3.30\grizzly-framework-2.3.30.jar;C:\Users\ethan\.m2\repository\com\iplanet\jato\jato\2005-05-04\jato-2005-05-04.jar;C:\Users\ethan\.m2\repository\com\sun\web\ui\cc\2008-08-08\cc-2008-08-08.jar;C:\Users\ethan\.m2\repository\org\apache\click\click-extras\2.3.0\click-extras-2.3.0.jar;C:\Users\ethan\.m2\repository\org\apache\click\click-nodeps\2.3.0\click-nodeps-2.3.0.jar;C:\Users\ethan\.m2\repository\commons-io\commons-io\2.3\commons-io-2.3.jar;C:\Users\ethan\.m2\repository\commons-lang\commons-lang\2.6\commons-lang-2.6.jar;C:\Users\ethan\.m2\repository\ognl\ognl\2.6.9\ognl-2.6.9.jar;C:\Users\ethan\.m2\repository\org\apache\velocity\velocity\1.7\velocity-1.7.jar;C:\Users\ethan\.m2\repository\commons-codec\commons-codec\1.10\commons-codec-1.10.jar;C:\Users\ethan\.m2\repository\commons-collections\commons-collections\3.2.2\commons-collections-3.2.2.jar;C:\Users\ethan\.m2\repository\commons-fileupload\commons-fileupload\1.3.3\commons-fileupload-1.3.3.jar;C:\Users\ethan\.m2\repository\commons-logging\commons-logging\1.1.3\commons-logging-1.1.3.jar;C:\Users\ethan\.m2\repository\commons-logging\commons-logging-api\1.1\commons-logging-api-1.1.jar;C:\Users\ethan\.m2\repository\org\forgerock\commons\guava\forgerock-guava-io\18.0.4\forgerock-guava-io-18.0.4.jar;C:\Users\ethan\.m2\repository\org\forgerock\commons\guava\forgerock-guava-annotations\18.0.4\forgerock-guava-annotations-18.0.4.jar;C:\Users\ethan\.m2\repository\org\forgerock\commons\guava\forgerock-guava-collect\18.0.4\forgerock-guava-collect-18.0.4.jar;C:\Users\ethan\.m2\repository\org\forgerock\commons\guava\forgerock-guava-primitives\18.0.4\forgerock-guava-primitives-18.0.4.jar;C:\Users\ethan\.m2\repository\org\forgerock\commons\guava\forgerock-guava-cache\18.0.4\forgerock-guava-cache-18.0.4.jar;C:\Users\ethan\.m2\repository\org\forgerock\commons\guava\forgerock-guava-concurrent\18.0.4\forgerock-guava-concurrent-18.0.4.jar;C:\Users\ethan\.m2\repository\external\esapiport\2013-12-04\esapiport-2013-12-04.jar;C:\Users\ethan\.m2\repository\javax\xml\jaxrpc-api\1.1\jaxrpc-api-1.1.jar;C:\Users\ethan\.m2\repository\external\jaxrpc-impl\1.1.3_01-20160905\jaxrpc-impl-1.1.3_01-20160905.jar;C:\Users\ethan\.m2\repository\com\sun\xml\rpc\jaxrpc-spi\1.1.3_01\jaxrpc-spi-1.1.3_01.jar;C:\Users\ethan\.m2\repository\com\sun\xml\messaging\saaj\saaj-impl\1.3.19\saaj-impl-1.3.19.jar;C:\Users\ethan\.m2\repository\org\jvnet\mimepull\mimepull\1.7\mimepull-1.7.jar;C:\Users\ethan\.m2\repository\com\sun\xml\fastinfoset\FastInfoset\1.2.13\FastInfoset-1.2.13.jar;C:\Users\ethan\.m2\repository\org\json\json\20090211\json-20090211.jar;C:\Users\ethan\.m2\repository\javax\servlet\jstl\1.1.2\jstl-1.1.2.jar;C:\Users\ethan\.m2\repository\com\sun\mail\javax.mail\1.5.1\javax.mail-1.5.1.jar;C:\Users\ethan\.m2\repository\javax\activation\activation\1.1\activation-1.1.jar;C:\Users\ethan\.m2\repository\com\google\code\findbugs\jsr305\3.0.0\jsr305-3.0.0.jar;C:\Users\ethan\.m2\repository\io\dropwizard\metrics\metrics-core\3.2.2\metrics-core-3.2.2.jar;C:\Users\ethan\.m2\repository\com\google\inject\guice\4.0\guice-4.0-no_aop.jar;C:\Users\ethan\.m2\repository\com\google\guava\guava\18.0\guava-18.0.jar;C:\Users\ethan\.m2\repository\org\hdrhistogram\HdrHistogram\2.1.4\HdrHistogram-2.1.4.jar;C:\Users\ethan\.m2\repository\org\forgerock\am\openam-i18n\5.5.0\openam-i18n-5.5.0.jar;C:\Users\ethan\.m2\repository\org\forgerock\http\chf-client-apache-sync\22.0.0\chf-client-apache-sync-22.0.0.jar;C:\Users\ethan\.m2\repository\org\forgerock\http\chf-client-apache-common\22.0.0\chf-client-apache-common-22.0.0.jar;C:\Users\ethan\.m2\repository\org\apache\httpcomponents\httpclient-osgi\4.5.2\httpclient-osgi-4.5.2.jar;C:\Users\ethan\.m2\repository\org\apache\httpcomponents\httpcore-osgi\4.4.5\httpcore-osgi-4.4.5.jar;C:\Users\ethan\.m2\repository\org\slf4j\jcl-over-slf4j\1.7.21\jcl-over-slf4j-1.7.21.jar;C:\Users\ethan\.m2\repository\org\forgerock\am\openam-plugin-framework\5.5.0\openam-plugin-framework-5.5.0.jar;C:\Users\ethan\.m2\repository\com\github\zafarkhaja\java-semver\0.9.0\java-semver-0.9.0.jar;C:\Users\ethan\.m2\repository\org\forgerock\am\openam-transaction-core\5.5.0\openam-transaction-core-5.5.0.jar;C:\Users\ethan\.m2\repository\org\forgerock\am\auth-node-api\5.5.0\auth-node-api-5.5.0.jar;C:\Users\ethan\.m2\repository\org\forgerock\commons\guava\forgerock-guava-all\18.0.4\forgerock-guava-all-18.0.4.jar;C:\Users\ethan\.m2\repository\net\bytebuddy\byte-buddy\1.7.1\byte-buddy-1.7.1.jar;C:\Users\ethan\.m2\repository\org\forgerock\am\openam-shared\5.5.0\openam-shared-5.5.0.jar;C:\Users\ethan\.m2\repository\com\google\inject\extensions\guice-multibindings\4.0\guice-multibindings-4.0.jar;C:\Users\ethan\.m2\repository\org\forgerock\http\chf-http-core\22.0.0\chf-http-core-22.0.0.jar;C:\Users\ethan\.m2\repository\io\swagger\swagger-models\1.5.9\swagger-models-1.5.9.jar;C:\Users\ethan\.m2\repository\org\forgerock\am\openam-keystore\5.5.0\openam-keystore-5.5.0.jar;C:\Users\ethan\.m2\repository\com\googlecode\java-ipv6\java-ipv6\0.14\java-ipv6-0.14.jar;C:\Users\ethan\.m2\repository\joda-time\joda-time\2.9.7\joda-time-2.9.7.jar;C:\Users\ethan\.m2\repository\javax\servlet\servlet-api\2.5\servlet-api-2.5.jar;C:\Users\ethan\.m2\repository\org\springframework\spring-web\5.0.1.RELEASE\spring-web-5.0.1.RELEASE.jar;C:\Users\ethan\.m2\repository\org\springframework\spring-beans\5.0.1.RELEASE\spring-beans-5.0.1.RELEASE.jar;C:\Users\ethan\.m2\repository\org\springframework\spring-core\5.0.1.RELEASE\spring-core-5.0.1.RELEASE.jar;C:\Users\ethan\.m2\repository\org\springframework\spring-jcl\5.0.1.RELEASE\spring-jcl-5.0.1.RELEASE.jar;C:\Users\ethan\.m2\repository\com\fasterxml\jackson\core\jackson-annotations\2.9.0\jackson-annotations-2.9.0.jar;C:\Users\ethan\.m2\repository\com\fasterxml\jackson\core\jackson-core\2.9.0\jackson-core-2.9.0.jar;C:\Users\ethan\.m2\repository\com\fasterxml\jackson\core\jackson-databind\2.9.0\jackson-databind-2.9.0.jar;C:\Users\ethan\.m2\repository\org\testng\testng\6.9.10\testng-6.9.10.jar;C:\Users\ethan\.m2\repository\com\beust\jcommander\1.48\jcommander-1.48.jar;C:\Users\ethan\.m2\repository\org\beanshell\bsh\2.0b4\bsh-2.0b4.jar;C:\Users\ethan\.m2\repository\org\mockito\mockito-all\1.10.19\mockito-all-1.10.19.jar;C:\Users\ethan\.m2\repository\org\assertj\assertj-core\3.6.2\assertj-core-3.6.2.jar;C:\Users\ethan\.m2\repository\org\forgerock\cuppa\cuppa\1.3.1\cuppa-1.3.1.jar;C:\Users\ethan\.m2\repository\org\forgerock\cuppa\cuppa-junit\1.3.1\cuppa-junit-1.3.1.jar;C:\Users\ethan\.m2\repository\junit\junit\4.12\junit-4.12.jar;C:\Users\ethan\.m2\repository\org\hamcrest\hamcrest-core\1.3\hamcrest-core-1.3.jar;C:\Users\ethan\.m2\repository\org\apache\maven\surefire\surefire-testng-utils\2.20.1\surefire-testng-utils-2.20.1.jar;C:\Users\ethan\.m2\repository\org\apache\maven\surefire\surefire-grouper\2.20.1\surefire-grouper-2.20.1.jar;"/>
    <property name="sun.cpu.endian" value="little"/>
    <property name="user.home" value="C:\Users\ethan"/>
    <property name="user.language" value="en"/>
    <property name="java.specification.vendor" value="Oracle Corporation"/>
    <property name="java.home" value="C:\Program Files\Java\jdk1.8.0_152\jre"/>
    <property name="basedir" value="C:\Users\ethan\Desktop\Integration Hub\ForgeRock\GitHub\VeriClouds-Extension-for-ForgeRock\openam-auth-vericlouds"/>
    <property name="file.separator" value="\"/>
    <property name="line.separator" value="&#10;"/>
    <property name="java.vm.specification.vendor" value="Oracle Corporation"/>
    <property name="java.specification.name" value="Java Platform API Specification"/>
    <property name="java.awt.graphicsenv" value="sun.awt.Win32GraphicsEnvironment"/>
    <property name="java.awt.headless" value="true"/>
    <property name="surefire.real.class.path" value="C:\Users\ethan\AppData\Local\Temp\surefire998587112664708056\surefirebooter1933537214790728173.jar"/>
    <property name="sun.boot.class.path" value="C:\Program Files\Java\jdk1.8.0_152\jre\lib\resources.jar;C:\Program Files\Java\jdk1.8.0_152\jre\lib\rt.jar;C:\Program Files\Java\jdk1.8.0_152\jre\lib\sunrsasign.jar;C:\Program Files\Java\jdk1.8.0_152\jre\lib\jsse.jar;C:\Program Files\Java\jdk1.8.0_152\jre\lib\jce.jar;C:\Program Files\Java\jdk1.8.0_152\jre\lib\charsets.jar;C:\Program Files\Java\jdk1.8.0_152\jre\lib\jfr.jar;C:\Program Files\Java\jdk1.8.0_152\jre\classes"/>
    <property name="user.script" value=""/>
    <property name="sun.management.compiler" value="HotSpot 64-Bit Tiered Compilers"/>
    <property name="java.runtime.version" value="1.8.0_152-b16"/>
    <property name="user.name" value="ethan"/>
    <property name="path.separator" value=";"/>
    <property name="os.version" value="10.0"/>
    <property name="java.endorsed.dirs" value="C:\Program Files\Java\jdk1.8.0_152\jre\lib\endorsed"/>
    <property name="java.runtime.name" value="Java(TM) SE Runtime Environment"/>
    <property name="file.encoding" value="Cp1252"/>
    <property name="java.vm.name" value="Java HotSpot(TM) 64-Bit Server VM"/>
    <property name="localRepository" value="C:\Users\ethan\.m2\repository"/>
    <property name="java.vendor.url.bug" value="http://bugreport.sun.com/bugreport/"/>
    <property name="java.io.tmpdir" value="C:\Users\ethan\AppData\Local\Temp\"/>
    <property name="java.version" value="1.8.0_152"/>
    <property name="user.dir" value="C:\Users\ethan\Desktop\Integration Hub\ForgeRock\GitHub\VeriClouds-Extension-for-ForgeRock\openam-auth-vericlouds"/>
    <property name="os.arch" value="amd64"/>
    <property name="java.vm.specification.name" value="Java Virtual Machine Specification"/>
    <property name="java.awt.printerjob" value="sun.awt.windows.WPrinterJob"/>
    <property name="sun.os.patch.level" value=""/>
    <property name="java.library.path" value="C:\Program Files\Java\jdk1.8.0_152\jre\bin;C:\WINDOWS\Sun\Java\bin;C:\WINDOWS\system32;C:\WINDOWS;C:\ProgramData\Oracle\Java\javapath;C:\Program Files (x86)\Intel\iCLS Client\;C:\Program Files\Intel\iCLS Client\;C:\WINDOWS\system32;C:\WINDOWS;C:\WINDOWS\System32\Wbem;C:\WINDOWS\System32\WindowsPowerShell\v1.0\;C:\Program Files (x86)\Intel\Intel(R) Management Engine Components\DAL;C:\Program Files\Intel\Intel(R) Management Engine Components\DAL;C:\Program Files (x86)\Intel\Intel(R) Management Engine Components\IPT;C:\Program Files\Intel\Intel(R) Management Engine Components\IPT;C:\Program Files (x86)\Skype\Phone\;C:\Program Files\nodejs\;C:\Program Files\PuTTY\;C:\Program Files\MySQL\MySQL Utilities 1.6\;C:\Program Files\Git\cmd;C:\Program Files\Intel\WiFi\bin\;C:\Program Files\Common Files\Intel\WirelessCommon\;C:\Users\ethan\AppData\Local\Microsoft\WindowsApps;C:\Users\ethan\AppData\Roaming\npm;C:\Program Files (x86)\Microsoft VS Code\bin;C:\Users\ethan\AppData\Local\atom\bin;C:\WINDOWS\system32;C:\WINDOWS;C:\Python34;C:\Python34\Scripts;C:\Users\ethan\AppData\Roaming\Python\Scripts;C:\Users\ethan\AppData\Local\Programs\Fiddler;C:\Program Files\apache-maven-3.5.2\bin;C:\Program Files\Java\jdk1.8.0_152\bin;;."/>
    <property name="java.vm.info" value="mixed mode"/>
    <property name="java.vendor" value="Oracle Corporation"/>
    <property name="java.vm.version" value="25.152-b16"/>
    <property name="java.ext.dirs" value="C:\Program Files\Java\jdk1.8.0_152\jre\lib\ext;C:\WINDOWS\Sun\Java\lib\ext"/>
    <property name="sun.io.unicode.encoding" value="UnicodeLittle"/>
    <property name="java.class.version" value="52.0"/>
  </properties>
  <testcase name="testGetToken" classname="org.forgerock.openam.vericlouds.VeriCloudsIT" time="1.109">
    <failure message="I/O error on POST request for &quot;http://openam.example.com:8080/openam/json/authenticate&quot;: Unexpected end of file from server; nested exception is java.net.SocketException: Unexpected end of file from server" type="org.springframework.web.client.ResourceAccessException">org.springframework.web.client.ResourceAccessException: I/O error on POST request for "http://openam.example.com:8080/openam/json/authenticate": Unexpected end of file from server; nested exception is java.net.SocketException: Unexpected end of file from server
	at org.forgerock.openam.vericlouds.VeriCloudsIT.testGetToken(VeriCloudsIT.java:33)
Caused by: java.net.SocketException: Unexpected end of file from server
	at org.forgerock.openam.vericlouds.VeriCloudsIT.testGetToken(VeriCloudsIT.java:33)
</failure>
    <system-err><![CDATA[SLF4J: Failed to load class "org.slf4j.impl.StaticLoggerBinder".
SLF4J: Defaulting to no-operation (NOP) logger implementation
SLF4J: See http://www.slf4j.org/codes.html#StaticLoggerBinder for further details.
]]></system-err>
  </testcase>
</testsuite>